2025-12-24 00:19:15,122 - INFO - =========KNN===========
2025-12-24 00:19:15,131 - INFO - KNN Test Accuracy : 0.8032786885245902
2025-12-24 00:19:15,146 - INFO - KNN Classification report :              precision    recall  f1-score   support

           0       0.73      0.93      0.82        29
           1       0.92      0.69      0.79        32

    accuracy                           0.80        61
   macro avg       0.82      0.81      0.80        61
weighted avg       0.83      0.80      0.80        61

2025-12-24 00:19:15,155 - INFO - KNN confusion matrix :[[27  2]
 [10 22]]
2025-12-24 00:19:15,155 - INFO - =========NB===========
2025-12-24 00:19:15,160 - INFO - Naive Bayes Test Accuracy : 0.8032786885245902
2025-12-24 00:19:15,172 - INFO - Naive Bayes Classification report :              precision    recall  f1-score   support

           0       0.81      0.76      0.79        29
           1       0.79      0.84      0.82        32

    accuracy                           0.80        61
   macro avg       0.80      0.80      0.80        61
weighted avg       0.80      0.80      0.80        61

2025-12-24 00:19:15,174 - INFO - Naive Bayesconfusion matrix :[[22  7]
 [ 5 27]]
2025-12-24 00:19:15,174 - INFO - =========LR===========
2025-12-24 00:19:15,192 - INFO - LogisticRegression Test Accuracy : 0.8360655737704918
2025-12-24 00:19:15,192 - INFO - LogisticRegression Classification report :              precision    recall  f1-score   support

           0       0.91      0.72      0.81        29
           1       0.79      0.94      0.86        32

    accuracy                           0.84        61
   macro avg       0.85      0.83      0.83        61
weighted avg       0.85      0.84      0.83        61

2025-12-24 00:19:15,192 - INFO - LogisticRegression confusion matrix :[[21  8]
 [ 2 30]]
2025-12-24 00:19:15,192 - INFO - =========DT===========
2025-12-24 00:19:15,208 - INFO - DecisionTreeClassifier Test Accuracy : 0.8032786885245902
2025-12-24 00:19:15,208 - INFO - DecisionTree Classification report :              precision    recall  f1-score   support

           0       0.74      0.90      0.81        29
           1       0.88      0.72      0.79        32

    accuracy                           0.80        61
   macro avg       0.81      0.81      0.80        61
weighted avg       0.82      0.80      0.80        61

2025-12-24 00:19:15,223 - INFO - DecisionTree confusion matrix :[[26  3]
 [ 9 23]]
2025-12-24 00:19:15,223 - INFO - =========RF===========
2025-12-24 00:19:15,251 - INFO - RandomForestClassifier Test Accuracy : 0.819672131147541
2025-12-24 00:19:15,259 - INFO - RandomForest Classification report :              precision    recall  f1-score   support

           0       0.75      0.93      0.83        29
           1       0.92      0.72      0.81        32

    accuracy                           0.82        61
   macro avg       0.83      0.82      0.82        61
weighted avg       0.84      0.82      0.82        61

2025-12-24 00:19:15,263 - INFO - RandomForest confusion matrix :[[27  2]
 [ 9 23]]
2025-12-24 00:19:15,263 - INFO - =========Adabost===========
2025-12-24 00:19:15,290 - INFO - AdaBoostClassifier Test Accuracy : 0.9016393442622951
2025-12-24 00:19:15,306 - INFO - ADaBoost Classification report :              precision    recall  f1-score   support

           0       0.90      0.90      0.90        29
           1       0.91      0.91      0.91        32

    accuracy                           0.90        61
   macro avg       0.90      0.90      0.90        61
weighted avg       0.90      0.90      0.90        61

2025-12-24 00:19:15,308 - INFO - AdaBoost confusion matrix :[[26  3]
 [ 3 29]]
2025-12-24 00:19:15,308 - INFO - =========GB===========
2025-12-24 00:19:15,324 - INFO - GradientBoostingClassifier Test Accuracy : 0.8360655737704918
2025-12-24 00:19:15,339 - INFO - GradientBoosting Classification report :              precision    recall  f1-score   support

           0       0.79      0.90      0.84        29
           1       0.89      0.78      0.83        32

    accuracy                           0.84        61
   macro avg       0.84      0.84      0.84        61
weighted avg       0.84      0.84      0.84        61

2025-12-24 00:19:15,343 - INFO - GradientBoosting confusion matrix :[[26  3]
 [ 7 25]]
2025-12-24 00:19:15,343 - INFO - =========XGB===========
2025-12-24 00:19:17,987 - INFO - XGBClassifier Test Accuracy : 0.5737704918032787
2025-12-24 00:19:18,001 - INFO - XGB Classification report :              precision    recall  f1-score   support

           0       0.53      1.00      0.69        29
           1       1.00      0.19      0.32        32

    accuracy                           0.57        61
   macro avg       0.76      0.59      0.50        61
weighted avg       0.78      0.57      0.49        61

2025-12-24 00:19:18,005 - INFO - XGB confusion matrix :[[29  0]
 [26  6]]
