2025-12-24 00:19:15,077 - INFO - Before number of rows for class 1:133
2025-12-24 00:19:15,077 - INFO - Before number of rows for class 0:109
2025-12-24 00:19:15,093 - INFO - After number of rows for class 1:133
2025-12-24 00:19:15,093 - INFO - After number of rows for class 0:133
2025-12-24 00:19:15,093 - INFO - (266, 7)
2025-12-24 00:19:15,093 - INFO - (266,)
2025-12-24 00:19:15,112 - INFO -      age_yeo_trim  sex_yeo_trim  cp_yeo_trim  thalach_yeo_trim  oldpeak_yeo_trim  slope_yeo_trim  thal_yeo_trim
116    217.278662      2.225002     0.647170      58949.990663          0.174941        1.365805       2.895387
158    223.916992      2.225002     0.986108      26367.318988          0.515537        3.401244       2.895387
262    339.147123      0.035525     0.015744      21033.419012          0.600895        1.365805       4.884102
48     185.082303      2.225002     0.000000      23623.126660          0.954105        1.365805       4.884102
2025-12-24 00:19:15,120 - INFO - [[-1.38889876  0.70786458  0.36694742 ... -1.23417033  1.04309679
  -0.61399342]
 [ 0.32951956  0.70786458 -1.0060751  ...  0.1181284   1.04309679
   1.17396506]
 [-0.98421924  0.70786458  1.08603166 ...  1.64896846 -0.76453865
  -0.61399342]
 ...
 [-0.10867072  0.21282736 -1.0060751  ... -0.03541808  1.04309679
   0.76113648]
 [ 0.38559636  0.70786458  0.03601403 ...  0.85760184 -0.32885247
  -0.18304989]
 [ 1.15481919  0.70786458  0.42338513 ...  1.04400333 -0.76453865
   1.17396506]]
